2018-10-19 08:27:02,906 DEBUG    root            Loaded Command Group: [u'gcloud', u'components']
2018-10-19 08:27:02,913 DEBUG    root            Loaded Command Group: [u'gcloud', u'components', u'list']
2018-10-19 08:27:02,916 DEBUG    root            Running [gcloud.components.list] with arguments: [--quiet: "True"]
2018-10-19 08:27:04,089 INFO     ___FILE_ONLY___ 
Your current Cloud SDK version is: 221.0.0

2018-10-19 08:27:04,089 INFO     ___FILE_ONLY___ The latest available version is: 221.0.0

2018-10-19 08:27:04,089 INFO     ___FILE_ONLY___ 

2018-10-19 08:27:04,090 INFO     root            Display format: "table[box,title="Components"](state.name:label=Status,name:label=Name,id:label=ID,size.size(zero="",min=1048576):label=Size:align=right)"
2018-10-19 08:27:04,096 INFO     ___FILE_ONLY___ ┌─────────────────────────────────────────────────────────────────────────────────────────────────────────────┐
2018-10-19 08:27:04,096 INFO     ___FILE_ONLY___ 

2018-10-19 08:27:04,096 INFO     ___FILE_ONLY___ │                                                  Components                                                 │
2018-10-19 08:27:04,096 INFO     ___FILE_ONLY___ 

2018-10-19 08:27:04,096 INFO     ___FILE_ONLY___ ├───────────────┬──────────────────────────────────────────────────────┬──────────────────────────┬───────────┤
2018-10-19 08:27:04,096 INFO     ___FILE_ONLY___ 

2018-10-19 08:27:04,097 INFO     ___FILE_ONLY___ │     Status    │                         Name                         │            ID            │    Size   │
2018-10-19 08:27:04,097 INFO     ___FILE_ONLY___ 

2018-10-19 08:27:04,097 INFO     ___FILE_ONLY___ ├───────────────┼──────────────────────────────────────────────────────┼──────────────────────────┼───────────┤
2018-10-19 08:27:04,097 INFO     ___FILE_ONLY___ 

2018-10-19 08:27:04,097 INFO     ___FILE_ONLY___ │ 
2018-10-19 08:27:04,097 INFO     ___FILE_ONLY___ Not Installed
2018-10-19 08:27:04,097 INFO     ___FILE_ONLY___  
2018-10-19 08:27:04,097 INFO     ___FILE_ONLY___ │ 
2018-10-19 08:27:04,097 INFO     ___FILE_ONLY___ App Engine Go Extensions                            
2018-10-19 08:27:04,097 INFO     ___FILE_ONLY___  
2018-10-19 08:27:04,097 INFO     ___FILE_ONLY___ │ 
2018-10-19 08:27:04,098 INFO     ___FILE_ONLY___ app-engine-go           
2018-10-19 08:27:04,098 INFO     ___FILE_ONLY___  
2018-10-19 08:27:04,098 INFO     ___FILE_ONLY___ │ 
2018-10-19 08:27:04,098 INFO     ___FILE_ONLY___ 152.8 MiB
2018-10-19 08:27:04,098 INFO     ___FILE_ONLY___  
2018-10-19 08:27:04,098 INFO     ___FILE_ONLY___ │
2018-10-19 08:27:04,098 INFO     ___FILE_ONLY___ 

2018-10-19 08:27:04,098 INFO     ___FILE_ONLY___ │ 
2018-10-19 08:27:04,098 INFO     ___FILE_ONLY___ Not Installed
2018-10-19 08:27:04,098 INFO     ___FILE_ONLY___  
2018-10-19 08:27:04,098 INFO     ___FILE_ONLY___ │ 
2018-10-19 08:27:04,098 INFO     ___FILE_ONLY___ Cloud Bigtable Command Line Tool                    
2018-10-19 08:27:04,098 INFO     ___FILE_ONLY___  
2018-10-19 08:27:04,099 INFO     ___FILE_ONLY___ │ 
2018-10-19 08:27:04,099 INFO     ___FILE_ONLY___ cbt                     
2018-10-19 08:27:04,099 INFO     ___FILE_ONLY___  
2018-10-19 08:27:04,099 INFO     ___FILE_ONLY___ │ 
2018-10-19 08:27:04,099 INFO     ___FILE_ONLY___   6.3 MiB
2018-10-19 08:27:04,099 INFO     ___FILE_ONLY___  
2018-10-19 08:27:04,099 INFO     ___FILE_ONLY___ │
2018-10-19 08:27:04,099 INFO     ___FILE_ONLY___ 

2018-10-19 08:27:04,099 INFO     ___FILE_ONLY___ │ 
2018-10-19 08:27:04,099 INFO     ___FILE_ONLY___ Not Installed
2018-10-19 08:27:04,099 INFO     ___FILE_ONLY___  
2018-10-19 08:27:04,100 INFO     ___FILE_ONLY___ │ 
2018-10-19 08:27:04,100 INFO     ___FILE_ONLY___ Cloud Bigtable Emulator                             
2018-10-19 08:27:04,100 INFO     ___FILE_ONLY___  
2018-10-19 08:27:04,100 INFO     ___FILE_ONLY___ │ 
2018-10-19 08:27:04,100 INFO     ___FILE_ONLY___ bigtable                
2018-10-19 08:27:04,100 INFO     ___FILE_ONLY___  
2018-10-19 08:27:04,100 INFO     ___FILE_ONLY___ │ 
2018-10-19 08:27:04,100 INFO     ___FILE_ONLY___   4.3 MiB
2018-10-19 08:27:04,100 INFO     ___FILE_ONLY___  
2018-10-19 08:27:04,100 INFO     ___FILE_ONLY___ │
2018-10-19 08:27:04,100 INFO     ___FILE_ONLY___ 

2018-10-19 08:27:04,100 INFO     ___FILE_ONLY___ │ 
2018-10-19 08:27:04,101 INFO     ___FILE_ONLY___ Not Installed
2018-10-19 08:27:04,101 INFO     ___FILE_ONLY___  
2018-10-19 08:27:04,101 INFO     ___FILE_ONLY___ │ 
2018-10-19 08:27:04,101 INFO     ___FILE_ONLY___ Cloud Datalab Command Line Tool                     
2018-10-19 08:27:04,101 INFO     ___FILE_ONLY___  
2018-10-19 08:27:04,101 INFO     ___FILE_ONLY___ │ 
2018-10-19 08:27:04,101 INFO     ___FILE_ONLY___ datalab                 
2018-10-19 08:27:04,101 INFO     ___FILE_ONLY___  
2018-10-19 08:27:04,101 INFO     ___FILE_ONLY___ │ 
2018-10-19 08:27:04,101 INFO     ___FILE_ONLY___   < 1 MiB
2018-10-19 08:27:04,101 INFO     ___FILE_ONLY___  
2018-10-19 08:27:04,101 INFO     ___FILE_ONLY___ │
2018-10-19 08:27:04,101 INFO     ___FILE_ONLY___ 

2018-10-19 08:27:04,102 INFO     ___FILE_ONLY___ │ 
2018-10-19 08:27:04,102 INFO     ___FILE_ONLY___ Not Installed
2018-10-19 08:27:04,102 INFO     ___FILE_ONLY___  
2018-10-19 08:27:04,102 INFO     ___FILE_ONLY___ │ 
2018-10-19 08:27:04,102 INFO     ___FILE_ONLY___ Cloud Datastore Emulator                            
2018-10-19 08:27:04,102 INFO     ___FILE_ONLY___  
2018-10-19 08:27:04,102 INFO     ___FILE_ONLY___ │ 
2018-10-19 08:27:04,102 INFO     ___FILE_ONLY___ cloud-datastore-emulator
2018-10-19 08:27:04,102 INFO     ___FILE_ONLY___  
2018-10-19 08:27:04,102 INFO     ___FILE_ONLY___ │ 
2018-10-19 08:27:04,102 INFO     ___FILE_ONLY___  17.7 MiB
2018-10-19 08:27:04,103 INFO     ___FILE_ONLY___  
2018-10-19 08:27:04,103 INFO     ___FILE_ONLY___ │
2018-10-19 08:27:04,103 INFO     ___FILE_ONLY___ 

2018-10-19 08:27:04,103 INFO     ___FILE_ONLY___ │ 
2018-10-19 08:27:04,103 INFO     ___FILE_ONLY___ Not Installed
2018-10-19 08:27:04,103 INFO     ___FILE_ONLY___  
2018-10-19 08:27:04,103 INFO     ___FILE_ONLY___ │ 
2018-10-19 08:27:04,103 INFO     ___FILE_ONLY___ Cloud Datastore Emulator (Legacy)                   
2018-10-19 08:27:04,103 INFO     ___FILE_ONLY___  
2018-10-19 08:27:04,103 INFO     ___FILE_ONLY___ │ 
2018-10-19 08:27:04,103 INFO     ___FILE_ONLY___ gcd-emulator            
2018-10-19 08:27:04,103 INFO     ___FILE_ONLY___  
2018-10-19 08:27:04,103 INFO     ___FILE_ONLY___ │ 
2018-10-19 08:27:04,104 INFO     ___FILE_ONLY___  38.1 MiB
2018-10-19 08:27:04,104 INFO     ___FILE_ONLY___  
2018-10-19 08:27:04,104 INFO     ___FILE_ONLY___ │
2018-10-19 08:27:04,104 INFO     ___FILE_ONLY___ 

2018-10-19 08:27:04,104 INFO     ___FILE_ONLY___ │ 
2018-10-19 08:27:04,104 INFO     ___FILE_ONLY___ Not Installed
2018-10-19 08:27:04,104 INFO     ___FILE_ONLY___  
2018-10-19 08:27:04,104 INFO     ___FILE_ONLY___ │ 
2018-10-19 08:27:04,104 INFO     ___FILE_ONLY___ Cloud Pub/Sub Emulator                              
2018-10-19 08:27:04,104 INFO     ___FILE_ONLY___  
2018-10-19 08:27:04,104 INFO     ___FILE_ONLY___ │ 
2018-10-19 08:27:04,104 INFO     ___FILE_ONLY___ pubsub-emulator         
2018-10-19 08:27:04,105 INFO     ___FILE_ONLY___  
2018-10-19 08:27:04,105 INFO     ___FILE_ONLY___ │ 
2018-10-19 08:27:04,105 INFO     ___FILE_ONLY___  33.4 MiB
2018-10-19 08:27:04,105 INFO     ___FILE_ONLY___  
2018-10-19 08:27:04,105 INFO     ___FILE_ONLY___ │
2018-10-19 08:27:04,105 INFO     ___FILE_ONLY___ 

2018-10-19 08:27:04,105 INFO     ___FILE_ONLY___ │ 
2018-10-19 08:27:04,105 INFO     ___FILE_ONLY___ Not Installed
2018-10-19 08:27:04,105 INFO     ___FILE_ONLY___  
2018-10-19 08:27:04,105 INFO     ___FILE_ONLY___ │ 
2018-10-19 08:27:04,105 INFO     ___FILE_ONLY___ Cloud SQL Proxy                                     
2018-10-19 08:27:04,105 INFO     ___FILE_ONLY___  
2018-10-19 08:27:04,105 INFO     ___FILE_ONLY___ │ 
2018-10-19 08:27:04,106 INFO     ___FILE_ONLY___ cloud_sql_proxy         
2018-10-19 08:27:04,106 INFO     ___FILE_ONLY___  
2018-10-19 08:27:04,106 INFO     ___FILE_ONLY___ │ 
2018-10-19 08:27:04,106 INFO     ___FILE_ONLY___   3.7 MiB
2018-10-19 08:27:04,106 INFO     ___FILE_ONLY___  
2018-10-19 08:27:04,106 INFO     ___FILE_ONLY___ │
2018-10-19 08:27:04,106 INFO     ___FILE_ONLY___ 

2018-10-19 08:27:04,106 INFO     ___FILE_ONLY___ │ 
2018-10-19 08:27:04,106 INFO     ___FILE_ONLY___ Not Installed
2018-10-19 08:27:04,106 INFO     ___FILE_ONLY___  
2018-10-19 08:27:04,106 INFO     ___FILE_ONLY___ │ 
2018-10-19 08:27:04,106 INFO     ___FILE_ONLY___ Emulator Reverse Proxy                              
2018-10-19 08:27:04,106 INFO     ___FILE_ONLY___  
2018-10-19 08:27:04,107 INFO     ___FILE_ONLY___ │ 
2018-10-19 08:27:04,107 INFO     ___FILE_ONLY___ emulator-reverse-proxy  
2018-10-19 08:27:04,107 INFO     ___FILE_ONLY___  
2018-10-19 08:27:04,107 INFO     ___FILE_ONLY___ │ 
2018-10-19 08:27:04,107 INFO     ___FILE_ONLY___  14.5 MiB
2018-10-19 08:27:04,107 INFO     ___FILE_ONLY___  
2018-10-19 08:27:04,107 INFO     ___FILE_ONLY___ │
2018-10-19 08:27:04,107 INFO     ___FILE_ONLY___ 

2018-10-19 08:27:04,107 INFO     ___FILE_ONLY___ │ 
2018-10-19 08:27:04,107 INFO     ___FILE_ONLY___ Not Installed
2018-10-19 08:27:04,107 INFO     ___FILE_ONLY___  
2018-10-19 08:27:04,107 INFO     ___FILE_ONLY___ │ 
2018-10-19 08:27:04,107 INFO     ___FILE_ONLY___ Google Cloud Build Local Builder                    
2018-10-19 08:27:04,108 INFO     ___FILE_ONLY___  
2018-10-19 08:27:04,108 INFO     ___FILE_ONLY___ │ 
2018-10-19 08:27:04,108 INFO     ___FILE_ONLY___ cloud-build-local       
2018-10-19 08:27:04,108 INFO     ___FILE_ONLY___  
2018-10-19 08:27:04,108 INFO     ___FILE_ONLY___ │ 
2018-10-19 08:27:04,108 INFO     ___FILE_ONLY___   4.4 MiB
2018-10-19 08:27:04,108 INFO     ___FILE_ONLY___  
2018-10-19 08:27:04,108 INFO     ___FILE_ONLY___ │
2018-10-19 08:27:04,108 INFO     ___FILE_ONLY___ 

2018-10-19 08:27:04,108 INFO     ___FILE_ONLY___ │ 
2018-10-19 08:27:04,108 INFO     ___FILE_ONLY___ Not Installed
2018-10-19 08:27:04,108 INFO     ___FILE_ONLY___  
2018-10-19 08:27:04,108 INFO     ___FILE_ONLY___ │ 
2018-10-19 08:27:04,109 INFO     ___FILE_ONLY___ Google Container Local Builder                      
2018-10-19 08:27:04,109 INFO     ___FILE_ONLY___  
2018-10-19 08:27:04,109 INFO     ___FILE_ONLY___ │ 
2018-10-19 08:27:04,109 INFO     ___FILE_ONLY___ container-builder-local 
2018-10-19 08:27:04,109 INFO     ___FILE_ONLY___  
2018-10-19 08:27:04,109 INFO     ___FILE_ONLY___ │ 
2018-10-19 08:27:04,109 INFO     ___FILE_ONLY___   4.4 MiB
2018-10-19 08:27:04,109 INFO     ___FILE_ONLY___  
2018-10-19 08:27:04,109 INFO     ___FILE_ONLY___ │
2018-10-19 08:27:04,109 INFO     ___FILE_ONLY___ 

2018-10-19 08:27:04,109 INFO     ___FILE_ONLY___ │ 
2018-10-19 08:27:04,109 INFO     ___FILE_ONLY___ Not Installed
2018-10-19 08:27:04,109 INFO     ___FILE_ONLY___  
2018-10-19 08:27:04,110 INFO     ___FILE_ONLY___ │ 
2018-10-19 08:27:04,110 INFO     ___FILE_ONLY___ Google Container Registry's Docker credential helper
2018-10-19 08:27:04,110 INFO     ___FILE_ONLY___  
2018-10-19 08:27:04,110 INFO     ___FILE_ONLY___ │ 
2018-10-19 08:27:04,110 INFO     ___FILE_ONLY___ docker-credential-gcr   
2018-10-19 08:27:04,110 INFO     ___FILE_ONLY___  
2018-10-19 08:27:04,110 INFO     ___FILE_ONLY___ │ 
2018-10-19 08:27:04,110 INFO     ___FILE_ONLY___   1.8 MiB
2018-10-19 08:27:04,110 INFO     ___FILE_ONLY___  
2018-10-19 08:27:04,110 INFO     ___FILE_ONLY___ │
2018-10-19 08:27:04,110 INFO     ___FILE_ONLY___ 

2018-10-19 08:27:04,110 INFO     ___FILE_ONLY___ │ 
2018-10-19 08:27:04,110 INFO     ___FILE_ONLY___ Not Installed
2018-10-19 08:27:04,111 INFO     ___FILE_ONLY___  
2018-10-19 08:27:04,111 INFO     ___FILE_ONLY___ │ 
2018-10-19 08:27:04,111 INFO     ___FILE_ONLY___ gcloud Alpha Commands                               
2018-10-19 08:27:04,111 INFO     ___FILE_ONLY___  
2018-10-19 08:27:04,111 INFO     ___FILE_ONLY___ │ 
2018-10-19 08:27:04,111 INFO     ___FILE_ONLY___ alpha                   
2018-10-19 08:27:04,111 INFO     ___FILE_ONLY___  
2018-10-19 08:27:04,111 INFO     ___FILE_ONLY___ │ 
2018-10-19 08:27:04,111 INFO     ___FILE_ONLY___   < 1 MiB
2018-10-19 08:27:04,111 INFO     ___FILE_ONLY___  
2018-10-19 08:27:04,111 INFO     ___FILE_ONLY___ │
2018-10-19 08:27:04,111 INFO     ___FILE_ONLY___ 

2018-10-19 08:27:04,111 INFO     ___FILE_ONLY___ │ 
2018-10-19 08:27:04,112 INFO     ___FILE_ONLY___ Not Installed
2018-10-19 08:27:04,112 INFO     ___FILE_ONLY___  
2018-10-19 08:27:04,112 INFO     ___FILE_ONLY___ │ 
2018-10-19 08:27:04,112 INFO     ___FILE_ONLY___ gcloud Beta Commands                                
2018-10-19 08:27:04,112 INFO     ___FILE_ONLY___  
2018-10-19 08:27:04,112 INFO     ___FILE_ONLY___ │ 
2018-10-19 08:27:04,112 INFO     ___FILE_ONLY___ beta                    
2018-10-19 08:27:04,112 INFO     ___FILE_ONLY___  
2018-10-19 08:27:04,112 INFO     ___FILE_ONLY___ │ 
2018-10-19 08:27:04,112 INFO     ___FILE_ONLY___   < 1 MiB
2018-10-19 08:27:04,112 INFO     ___FILE_ONLY___  
2018-10-19 08:27:04,112 INFO     ___FILE_ONLY___ │
2018-10-19 08:27:04,112 INFO     ___FILE_ONLY___ 

2018-10-19 08:27:04,112 INFO     ___FILE_ONLY___ │ 
2018-10-19 08:27:04,113 INFO     ___FILE_ONLY___ Not Installed
2018-10-19 08:27:04,113 INFO     ___FILE_ONLY___  
2018-10-19 08:27:04,113 INFO     ___FILE_ONLY___ │ 
2018-10-19 08:27:04,113 INFO     ___FILE_ONLY___ gcloud app Java Extensions                          
2018-10-19 08:27:04,113 INFO     ___FILE_ONLY___  
2018-10-19 08:27:04,113 INFO     ___FILE_ONLY___ │ 
2018-10-19 08:27:04,113 INFO     ___FILE_ONLY___ app-engine-java         
2018-10-19 08:27:04,113 INFO     ___FILE_ONLY___  
2018-10-19 08:27:04,113 INFO     ___FILE_ONLY___ │ 
2018-10-19 08:27:04,113 INFO     ___FILE_ONLY___ 108.6 MiB
2018-10-19 08:27:04,113 INFO     ___FILE_ONLY___  
2018-10-19 08:27:04,113 INFO     ___FILE_ONLY___ │
2018-10-19 08:27:04,113 INFO     ___FILE_ONLY___ 

2018-10-19 08:27:04,114 INFO     ___FILE_ONLY___ │ 
2018-10-19 08:27:04,114 INFO     ___FILE_ONLY___ Not Installed
2018-10-19 08:27:04,114 INFO     ___FILE_ONLY___  
2018-10-19 08:27:04,114 INFO     ___FILE_ONLY___ │ 
2018-10-19 08:27:04,114 INFO     ___FILE_ONLY___ gcloud app PHP Extensions                           
2018-10-19 08:27:04,114 INFO     ___FILE_ONLY___  
2018-10-19 08:27:04,114 INFO     ___FILE_ONLY___ │ 
2018-10-19 08:27:04,114 INFO     ___FILE_ONLY___ app-engine-php          
2018-10-19 08:27:04,114 INFO     ___FILE_ONLY___  
2018-10-19 08:27:04,114 INFO     ___FILE_ONLY___ │ 
2018-10-19 08:27:04,115 INFO     ___FILE_ONLY___  21.9 MiB
2018-10-19 08:27:04,115 INFO     ___FILE_ONLY___  
2018-10-19 08:27:04,115 INFO     ___FILE_ONLY___ │
2018-10-19 08:27:04,115 INFO     ___FILE_ONLY___ 

2018-10-19 08:27:04,115 INFO     ___FILE_ONLY___ │ 
2018-10-19 08:27:04,115 INFO     ___FILE_ONLY___ Not Installed
2018-10-19 08:27:04,115 INFO     ___FILE_ONLY___  
2018-10-19 08:27:04,115 INFO     ___FILE_ONLY___ │ 
2018-10-19 08:27:04,115 INFO     ___FILE_ONLY___ gcloud app Python Extensions                        
2018-10-19 08:27:04,115 INFO     ___FILE_ONLY___  
2018-10-19 08:27:04,115 INFO     ___FILE_ONLY___ │ 
2018-10-19 08:27:04,115 INFO     ___FILE_ONLY___ app-engine-python       
2018-10-19 08:27:04,115 INFO     ___FILE_ONLY___  
2018-10-19 08:27:04,116 INFO     ___FILE_ONLY___ │ 
2018-10-19 08:27:04,116 INFO     ___FILE_ONLY___   6.2 MiB
2018-10-19 08:27:04,116 INFO     ___FILE_ONLY___  
2018-10-19 08:27:04,116 INFO     ___FILE_ONLY___ │
2018-10-19 08:27:04,116 INFO     ___FILE_ONLY___ 

2018-10-19 08:27:04,116 INFO     ___FILE_ONLY___ │ 
2018-10-19 08:27:04,116 INFO     ___FILE_ONLY___ Not Installed
2018-10-19 08:27:04,116 INFO     ___FILE_ONLY___  
2018-10-19 08:27:04,116 INFO     ___FILE_ONLY___ │ 
2018-10-19 08:27:04,116 INFO     ___FILE_ONLY___ gcloud app Python Extensions (Extra Libraries)      
2018-10-19 08:27:04,116 INFO     ___FILE_ONLY___  
2018-10-19 08:27:04,116 INFO     ___FILE_ONLY___ │ 
2018-10-19 08:27:04,117 INFO     ___FILE_ONLY___ app-engine-python-extras
2018-10-19 08:27:04,117 INFO     ___FILE_ONLY___  
2018-10-19 08:27:04,117 INFO     ___FILE_ONLY___ │ 
2018-10-19 08:27:04,117 INFO     ___FILE_ONLY___  28.5 MiB
2018-10-19 08:27:04,117 INFO     ___FILE_ONLY___  
2018-10-19 08:27:04,117 INFO     ___FILE_ONLY___ │
2018-10-19 08:27:04,117 INFO     ___FILE_ONLY___ 

2018-10-19 08:27:04,117 INFO     ___FILE_ONLY___ │ 
2018-10-19 08:27:04,117 INFO     ___FILE_ONLY___ Not Installed
2018-10-19 08:27:04,117 INFO     ___FILE_ONLY___  
2018-10-19 08:27:04,117 INFO     ___FILE_ONLY___ │ 
2018-10-19 08:27:04,117 INFO     ___FILE_ONLY___ kubectl                                             
2018-10-19 08:27:04,117 INFO     ___FILE_ONLY___  
2018-10-19 08:27:04,118 INFO     ___FILE_ONLY___ │ 
2018-10-19 08:27:04,118 INFO     ___FILE_ONLY___ kubectl                 
2018-10-19 08:27:04,118 INFO     ___FILE_ONLY___  
2018-10-19 08:27:04,118 INFO     ___FILE_ONLY___ │ 
2018-10-19 08:27:04,118 INFO     ___FILE_ONLY___   < 1 MiB
2018-10-19 08:27:04,118 INFO     ___FILE_ONLY___  
2018-10-19 08:27:04,118 INFO     ___FILE_ONLY___ │
2018-10-19 08:27:04,118 INFO     ___FILE_ONLY___ 

2018-10-19 08:27:04,118 INFO     ___FILE_ONLY___ │ 
2018-10-19 08:27:04,118 INFO     ___FILE_ONLY___ Installed    
2018-10-19 08:27:04,118 INFO     ___FILE_ONLY___  
2018-10-19 08:27:04,118 INFO     ___FILE_ONLY___ │ 
2018-10-19 08:27:04,119 INFO     ___FILE_ONLY___ BigQuery Command Line Tool                          
2018-10-19 08:27:04,119 INFO     ___FILE_ONLY___  
2018-10-19 08:27:04,119 INFO     ___FILE_ONLY___ │ 
2018-10-19 08:27:04,119 INFO     ___FILE_ONLY___ bq                      
2018-10-19 08:27:04,119 INFO     ___FILE_ONLY___  
2018-10-19 08:27:04,119 INFO     ___FILE_ONLY___ │ 
2018-10-19 08:27:04,119 INFO     ___FILE_ONLY___   < 1 MiB
2018-10-19 08:27:04,119 INFO     ___FILE_ONLY___  
2018-10-19 08:27:04,119 INFO     ___FILE_ONLY___ │
2018-10-19 08:27:04,119 INFO     ___FILE_ONLY___ 

2018-10-19 08:27:04,119 INFO     ___FILE_ONLY___ │ 
2018-10-19 08:27:04,119 INFO     ___FILE_ONLY___ Installed    
2018-10-19 08:27:04,120 INFO     ___FILE_ONLY___  
2018-10-19 08:27:04,120 INFO     ___FILE_ONLY___ │ 
2018-10-19 08:27:04,120 INFO     ___FILE_ONLY___ Cloud SDK Core Libraries                            
2018-10-19 08:27:04,120 INFO     ___FILE_ONLY___  
2018-10-19 08:27:04,120 INFO     ___FILE_ONLY___ │ 
2018-10-19 08:27:04,120 INFO     ___FILE_ONLY___ core                    
2018-10-19 08:27:04,120 INFO     ___FILE_ONLY___  
2018-10-19 08:27:04,120 INFO     ___FILE_ONLY___ │ 
2018-10-19 08:27:04,120 INFO     ___FILE_ONLY___   8.6 MiB
2018-10-19 08:27:04,120 INFO     ___FILE_ONLY___  
2018-10-19 08:27:04,120 INFO     ___FILE_ONLY___ │
2018-10-19 08:27:04,120 INFO     ___FILE_ONLY___ 

2018-10-19 08:27:04,120 INFO     ___FILE_ONLY___ │ 
2018-10-19 08:27:04,121 INFO     ___FILE_ONLY___ Installed    
2018-10-19 08:27:04,121 INFO     ___FILE_ONLY___  
2018-10-19 08:27:04,121 INFO     ___FILE_ONLY___ │ 
2018-10-19 08:27:04,121 INFO     ___FILE_ONLY___ Cloud Storage Command Line Tool                     
2018-10-19 08:27:04,121 INFO     ___FILE_ONLY___  
2018-10-19 08:27:04,121 INFO     ___FILE_ONLY___ │ 
2018-10-19 08:27:04,121 INFO     ___FILE_ONLY___ gsutil                  
2018-10-19 08:27:04,121 INFO     ___FILE_ONLY___  
2018-10-19 08:27:04,121 INFO     ___FILE_ONLY___ │ 
2018-10-19 08:27:04,121 INFO     ___FILE_ONLY___   3.5 MiB
2018-10-19 08:27:04,121 INFO     ___FILE_ONLY___  
2018-10-19 08:27:04,121 INFO     ___FILE_ONLY___ │
2018-10-19 08:27:04,121 INFO     ___FILE_ONLY___ 

2018-10-19 08:27:04,122 INFO     ___FILE_ONLY___ └───────────────┴──────────────────────────────────────────────────────┴──────────────────────────┴───────────┘
2018-10-19 08:27:04,122 INFO     ___FILE_ONLY___ 

2018-10-19 08:27:04,122 INFO     ___FILE_ONLY___ To install or remove components at your current SDK version [221.0.0], run:
  $ gcloud components install COMPONENT_ID
  $ gcloud components remove COMPONENT_ID

To update your SDK installation to the latest version [221.0.0], run:
  $ gcloud components update


