2018-10-19 08:30:07,704 DEBUG    root            Loaded Command Group: [u'gcloud', u'init']
2018-10-19 08:30:07,706 DEBUG    root            Running [gcloud.init] with arguments: []
2018-10-19 08:30:07,706 INFO     ___FILE_ONLY___ Welcome! This command will take you through the configuration of gcloud.


2018-10-19 08:30:07,708 INFO     ___FILE_ONLY___ Your current configuration has been set to: [default]


2018-10-19 08:30:07,708 INFO     ___FILE_ONLY___ You can skip diagnostics next time by using the following flag:

2018-10-19 08:30:07,708 INFO     ___FILE_ONLY___   gcloud init --skip-diagnostics


2018-10-19 08:30:07,709 INFO     ___FILE_ONLY___ Network diagnostic detects and fixes local network connection issues.

2018-10-19 08:30:07,710 INFO     ___FILE_ONLY___ Checking network connection...
2018-10-19 08:30:08,714 INFO     ___FILE_ONLY___ Reachability Check passed.

2018-10-19 08:30:08,715 INFO     ___FILE_ONLY___ Network diagnostic (1/1 checks) passed.


2018-10-19 08:30:12,415 DEBUG    root            Loaded Command Group: [u'gcloud', u'auth']
2018-10-19 08:30:12,426 DEBUG    root            Loaded Command Group: [u'gcloud', u'auth', u'login']
2018-10-19 08:30:12,440 INFO     root            Executing: [gcloud auth login --force --brief]
2018-10-19 08:30:12,442 DEBUG    root            Running [gcloud.auth.login] with arguments: [--brief: "True", --force: "True"]
2018-10-19 08:30:13,025 INFO     ___FILE_ONLY___ Your browser has been opened to visit:

    https://accounts.google.com/o/oauth2/auth?redirect_uri=http%3A%2F%2Flocalhost%3A8085%2F&prompt=select_account&response_type=code&client_id=32555940559.apps.googleusercontent.com&scope=https%3A%2F%2Fwww.googleapis.com%2Fauth%2Fuserinfo.email+https%3A%2F%2Fwww.googleapis.com%2Fauth%2Fcloud-platform+https%3A%2F%2Fwww.googleapis.com%2Fauth%2Fappengine.admin+https%3A%2F%2Fwww.googleapis.com%2Fauth%2Fcompute+https%3A%2F%2Fwww.googleapis.com%2Fauth%2Faccounts.reauth&access_type=offline



2018-10-19 08:30:21,381 INFO     oauth2client.client Successfully retrieved access token
2018-10-19 08:30:21,393 INFO     root            Display format: "none"
2018-10-19 08:30:21,396 DEBUG    root            Checking for updates...
2018-10-19 08:30:21,514 DEBUG    root            Updating notification cache...
2018-10-19 08:30:21,516 INFO     ___FILE_ONLY___ You are logged in as: [shota.makino@hitachiconsulting.com].


2018-10-19 08:30:36,444 INFO     ___FILE_ONLY___ Your current project has been set to: [firesandbox-215505].


2018-10-19 08:30:36,619 DEBUG    root            Loaded Command Group: [u'gcloud', u'compute']
2018-10-19 08:30:36,622 DEBUG    root            Loaded Command Group: [u'gcloud', u'compute', u'project_info']
2018-10-19 08:30:36,654 DEBUG    root            Loaded Command Group: [u'gcloud', u'compute', u'project-info', u'describe']
2018-10-19 08:30:36,655 INFO     root            Executing: [gcloud compute project-info describe --quiet]
2018-10-19 08:30:36,658 DEBUG    root            Running [gcloud.compute.project-info.describe] with arguments: [--no-user-output-enabled: "false", --quiet: "True", --verbosity: "none"]
2018-10-19 08:30:37,288 INFO     root            Display disabled.
2018-10-19 08:30:42,109 DEBUG    root            Executing command: [u'/Users/shota/python/Hitachi/google-cloud-sdk/bin/gsutil', u'config', u'-n', u'-o', u'/Users/shota/.boto']
2018-10-19 08:30:44,434 DEBUG    ___FILE_ONLY___ 
2018-10-19 08:30:44,435 DEBUG    ___FILE_ONLY___ This command will create a boto config file at /Users/shota/.boto
containing your credentials, based on your responses to the following
questions.

Boto config file "/Users/shota/.boto" created. If you need to use a
proxy to access the Internet please see the instructions in that file.

2018-10-19 08:30:44,435 INFO     ___FILE_ONLY___ Created a default .boto configuration file at [/Users/shota/.boto]. See this file and
[https://cloud.google.com/storage/docs/gsutil/commands/config] for more
information about configuring Google Cloud Storage.

2018-10-19 08:30:44,436 INFO     ___FILE_ONLY___ Your Google Cloud SDK is configured and ready to use!


2018-10-19 08:30:44,436 INFO     ___FILE_ONLY___ * Commands that require authentication will use shota.makino@hitachiconsulting.com by default

2018-10-19 08:30:44,436 INFO     ___FILE_ONLY___ * Commands will reference project `firesandbox-215505` by default

2018-10-19 08:30:44,436 INFO     ___FILE_ONLY___ Run `gcloud help config` to learn how to change individual settings


2018-10-19 08:30:44,437 INFO     ___FILE_ONLY___ This gcloud configuration is called [default]. You can create additional configurations if you work with multiple accounts and/or projects.

2018-10-19 08:30:44,437 INFO     ___FILE_ONLY___ Run `gcloud topic configurations` to learn more.


2018-10-19 08:30:44,437 INFO     ___FILE_ONLY___ Some things to try next:


2018-10-19 08:30:44,437 INFO     ___FILE_ONLY___ * Run `gcloud --help` to see the Cloud Platform services you can interact with. And run `gcloud help COMMAND` to get help on any gcloud command.

2018-10-19 08:30:44,437 INFO     ___FILE_ONLY___ * Run `gcloud topic -h` to learn about advanced features of the SDK like arg files and output formatting

2018-10-19 08:30:44,438 INFO     root            Display format: "default"
