2018-10-19 08:33:07,219 ERROR    root            (gcloud) Command name argument expected.
2018-10-19 08:33:07,220 DEBUG    root            No implementation for release track [GA] for element: [/Users/shota/python/Hitachi/google-cloud-sdk/lib/surface/tasks]
2018-10-19 08:33:07,239 DEBUG    root            Loaded Command Group: [u'gcloud', u'feedback']
2018-10-19 08:33:07,242 DEBUG    root            Loaded Command Group: [u'gcloud', u'app']
2018-10-19 08:33:07,246 DEBUG    root            No implementation for release track [GA] for element: [/Users/shota/python/Hitachi/google-cloud-sdk/lib/surface/access_context_manager]
2018-10-19 08:33:07,248 DEBUG    root            Loaded Command Group: [u'gcloud', u'services']
2018-10-19 08:33:07,251 DEBUG    root            Loaded Command Group: [u'gcloud', u'meta']
2018-10-19 08:33:07,254 DEBUG    root            Loaded Command Group: [u'gcloud', u'composer']
2018-10-19 08:33:07,258 DEBUG    root            Loaded Command Group: [u'gcloud', u'datastore']
2018-10-19 08:33:07,281 DEBUG    root            Loaded Command Group: [u'gcloud', u'help']
2018-10-19 08:33:07,284 DEBUG    root            Loaded Command Group: [u'gcloud', u'iam']
2018-10-19 08:33:07,287 DEBUG    root            No implementation for release track [GA] for element: [/Users/shota/python/Hitachi/google-cloud-sdk/lib/surface/genomics]
2018-10-19 08:33:07,291 DEBUG    root            Loaded Command Group: [u'gcloud', u'functions']
2018-10-19 08:33:07,293 DEBUG    root            No implementation for release track [GA] for element: [/Users/shota/python/Hitachi/google-cloud-sdk/lib/surface/monitoring]
2018-10-19 08:33:07,295 DEBUG    root            No implementation for release track [GA] for element: [/Users/shota/python/Hitachi/google-cloud-sdk/lib/surface/billing]
2018-10-19 08:33:07,296 DEBUG    root            Loaded Command Group: [u'gcloud', u'redis']
2018-10-19 08:33:07,298 DEBUG    root            Loaded Command Group: [u'gcloud', u'source']
2018-10-19 08:33:07,308 DEBUG    root            Loaded Command Group: [u'gcloud', u'init']
2018-10-19 08:33:07,310 DEBUG    root            No implementation for release track [GA] for element: [/Users/shota/python/Hitachi/google-cloud-sdk/lib/surface/dlp]
2018-10-19 08:33:07,311 DEBUG    root            Loaded Command Group: [u'gcloud', u'kms']
2018-10-19 08:33:07,313 DEBUG    root            Loaded Command Group: [u'gcloud', u'bigtable']
2018-10-19 08:33:07,315 DEBUG    root            Loaded Command Group: [u'gcloud', u'dns']
2018-10-19 08:33:07,368 DEBUG    root            Loaded Command Group: [u'gcloud', u'compute']
2018-10-19 08:33:07,372 DEBUG    root            Loaded Command Group: [u'gcloud', u'config']
2018-10-19 08:33:07,374 DEBUG    root            No implementation for release track [GA] for element: [/Users/shota/python/Hitachi/google-cloud-sdk/lib/surface/resources]
2018-10-19 08:33:07,375 DEBUG    root            No implementation for release track [GA] for element: [/Users/shota/python/Hitachi/google-cloud-sdk/lib/surface/cloud_shell]
2018-10-19 08:33:07,377 DEBUG    root            No implementation for release track [GA] for element: [/Users/shota/python/Hitachi/google-cloud-sdk/lib/surface/serverless]
2018-10-19 08:33:07,381 DEBUG    root            Loaded Command Group: [u'gcloud', u'info']
2018-10-19 08:33:07,663 DEBUG    root            No implementation for release track [GA] for element: [/Users/shota/python/Hitachi/google-cloud-sdk/lib/surface/interactive]
2018-10-19 08:33:07,665 DEBUG    root            Loaded Command Group: [u'gcloud', u'components']
2018-10-19 08:33:07,668 DEBUG    root            Loaded Command Group: [u'gcloud', u'organizations']
2018-10-19 08:33:07,670 DEBUG    root            Loaded Command Group: [u'gcloud', u'dataproc']
2018-10-19 08:33:07,712 DEBUG    root            Loaded Command Group: [u'gcloud', u'ml_engine']
2018-10-19 08:33:07,715 DEBUG    root            Loaded Command Group: [u'gcloud', u'iot']
2018-10-19 08:33:07,718 DEBUG    root            No implementation for release track [GA] for element: [/Users/shota/python/Hitachi/google-cloud-sdk/lib/surface/emulators]
2018-10-19 08:33:07,719 DEBUG    root            Loaded Command Group: [u'gcloud', u'auth']
2018-10-19 08:33:07,723 DEBUG    root            Loaded Command Group: [u'gcloud', u'debug']
2018-10-19 08:33:07,726 DEBUG    root            Loaded Command Group: [u'gcloud', u'firebase']
2018-10-19 08:33:07,728 DEBUG    root            No implementation for release track [GA] for element: [/Users/shota/python/Hitachi/google-cloud-sdk/lib/surface/category_manager]
2018-10-19 08:33:07,730 DEBUG    root            No implementation for release track [GA] for element: [/Users/shota/python/Hitachi/google-cloud-sdk/lib/surface/scheduler]
2018-10-19 08:33:07,732 DEBUG    root            Loaded Command Group: [u'gcloud', u'sql']
2018-10-19 08:33:07,735 DEBUG    root            Loaded Command Group: [u'gcloud', u'spanner']
2018-10-19 08:33:07,760 DEBUG    root            Loaded Command Group: [u'gcloud', u'container']
2018-10-19 08:33:07,764 DEBUG    root            Loaded Command Group: [u'gcloud', u'version']
2018-10-19 08:33:07,766 DEBUG    root            Loaded Command Group: [u'gcloud', u'projects']
2018-10-19 08:33:07,769 DEBUG    root            No implementation for release track [GA] for element: [/Users/shota/python/Hitachi/google-cloud-sdk/lib/surface/resource_manager]
2018-10-19 08:33:07,771 DEBUG    root            Loaded Command Group: [u'gcloud', u'topic']
2018-10-19 08:33:07,774 DEBUG    root            Loaded Command Group: [u'gcloud', u'logging']
2018-10-19 08:33:07,780 DEBUG    root            Loaded Command Group: [u'gcloud', u'builds']
2018-10-19 08:33:07,782 DEBUG    root            Loaded Command Group: [u'gcloud', u'service_management']
2018-10-19 08:33:07,785 DEBUG    root            Loaded Command Group: [u'gcloud', u'dataflow']
2018-10-19 08:33:07,787 DEBUG    root            Loaded Command Group: [u'gcloud', u'ml']
2018-10-19 08:33:07,792 DEBUG    root            No implementation for release track [GA] for element: [/Users/shota/python/Hitachi/google-cloud-sdk/lib/surface/runtime_config]
2018-10-19 08:33:07,794 DEBUG    root            No implementation for release track [GA] for element: [/Users/shota/python/Hitachi/google-cloud-sdk/lib/surface/search_help]
2018-10-19 08:33:07,795 DEBUG    root            No implementation for release track [GA] for element: [/Users/shota/python/Hitachi/google-cloud-sdk/lib/surface/error_reporting]
2018-10-19 08:33:07,797 DEBUG    root            Loaded Command Group: [u'gcloud', u'domains']
2018-10-19 08:33:07,800 DEBUG    root            No implementation for release track [GA] for element: [/Users/shota/python/Hitachi/google-cloud-sdk/lib/surface/filestore]
2018-10-19 08:33:07,835 DEBUG    root            Loaded Command Group: [u'gcloud', u'docker']
2018-10-19 08:33:07,840 DEBUG    root            Loaded Command Group: [u'gcloud', u'endpoints']
2018-10-19 08:33:07,843 DEBUG    root            Loaded Command Group: [u'gcloud', u'pubsub']
2018-10-19 08:33:07,845 DEBUG    root            No implementation for release track [GA] for element: [/Users/shota/python/Hitachi/google-cloud-sdk/lib/surface/firestore]
2018-10-19 08:33:07,847 DEBUG    root            Loaded Command Group: [u'gcloud', u'deployment_manager']
